[{"line":1,"elements":[{"start_timestamp":"2022-06-01T16:19:55.117Z","line":2,"name":"first test cucumber + selenide","description":"","id":"first-test-cucumber;first-test-cucumber-+-selenide","type":"scenario","keyword":"Scenario","steps":[{"result":{"duration":2000000,"status":"skipped"},"before":[{"result":{"error_message":"org.openqa.selenium.WebDriverException: unknown error: Failed to create Chrome process.\nBuild info: version: '3.141.59', revision: 'e82be7d358', time: '2018-11-14T08:17:03'\nSystem info: host: 'LAPTOP-3DE8NKMV', ip: '192.168.88.248', os.name: 'Windows 10', os.arch: 'amd64', os.version: '10.0', java.version: '1.8.0_311'\nDriver info: driver.version: ChromeDriver\nremote stacktrace: Backtrace:\n\tOrdinal0 [0x011EB8F3+2406643]\n\tOrdinal0 [0x0117AF31+1945393]\n\tOrdinal0 [0x0106C748+837448]\n\tOrdinal0 [0x01088702+952066]\n\tOrdinal0 [0x01085D71+941425]\n\tOrdinal0 [0x010B8EE0+1150688]\n\tOrdinal0 [0x010B8B3A+1149754]\n\tOrdinal0 [0x010B4096+1130646]\n\tOrdinal0 [0x0108E636+976438]\n\tOrdinal0 [0x0108F546+980294]\n\tGetHandleVerifier [0x01459612+2498066]\n\tGetHandleVerifier [0x0144C920+2445600]\n\tGetHandleVerifier [0x01284F2A+579370]\n\tGetHandleVerifier [0x01283D36+574774]\n\tOrdinal0 [0x01181C0B+1973259]\n\tOrdinal0 [0x01186688+1992328]\n\tOrdinal0 [0x01186775+1992565]\n\tOrdinal0 [0x0118F8D1+2029777]\n\tBaseThreadInitThunk [0x76086739+25]\n\tRtlGetFullPathName_UEx [0x77558FEF+1215]\n\tRtlGetFullPathName_UEx [0x77558FBD+1165]\n\r\n\tat sun.reflect.NativeConstructorAccessorImpl.newInstance0(Native Method)\r\n\tat sun.reflect.NativeConstructorAccessorImpl.newInstance(NativeConstructorAccessorImpl.java:62)\r\n\tat sun.reflect.DelegatingConstructorAccessorImpl.newInstance(DelegatingConstructorAccessorImpl.java:45)\r\n\tat java.lang.reflect.Constructor.newInstance(Constructor.java:423)\r\n\tat org.openqa.selenium.remote.W3CHandshakeResponse.lambda$errorHandler$0(W3CHandshakeResponse.java:62)\r\n\tat org.openqa.selenium.remote.HandshakeResponse.lambda$getResponseFunction$0(HandshakeResponse.java:30)\r\n\tat org.openqa.selenium.remote.ProtocolHandshake.lambda$createSession$0(ProtocolHandshake.java:126)\r\n\tat java.util.stream.ReferencePipeline$3$1.accept(ReferencePipeline.java:193)\r\n\tat java.util.Spliterators$ArraySpliterator.tryAdvance(Spliterators.java:958)\r\n\tat java.util.stream.ReferencePipeline.forEachWithCancel(ReferencePipeline.java:126)\r\n\tat java.util.stream.AbstractPipeline.copyIntoWithCancel(AbstractPipeline.java:499)\r\n\tat java.util.stream.AbstractPipeline.copyInto(AbstractPipeline.java:486)\r\n\tat java.util.stream.AbstractPipeline.wrapAndCopyInto(AbstractPipeline.java:472)\r\n\tat java.util.stream.FindOps$FindOp.evaluateSequential(FindOps.java:152)\r\n\tat java.util.stream.AbstractPipeline.evaluate(AbstractPipeline.java:234)\r\n\tat java.util.stream.ReferencePipeline.findFirst(ReferencePipeline.java:464)\r\n\tat org.openqa.selenium.remote.ProtocolHandshake.createSession(ProtocolHandshake.java:128)\r\n\tat org.openqa.selenium.remote.ProtocolHandshake.createSession(ProtocolHandshake.java:74)\r\n\tat org.openqa.selenium.remote.HttpCommandExecutor.execute(HttpCommandExecutor.java:136)\r\n\tat org.openqa.selenium.remote.service.DriverCommandExecutor.execute(DriverCommandExecutor.java:83)\r\n\tat org.openqa.selenium.remote.RemoteWebDriver.execute(RemoteWebDriver.java:552)\r\n\tat org.openqa.selenium.remote.RemoteWebDriver.startSession(RemoteWebDriver.java:213)\r\n\tat org.openqa.selenium.remote.RemoteWebDriver.<init>(RemoteWebDriver.java:131)\r\n\tat org.openqa.selenium.chrome.ChromeDriver.<init>(ChromeDriver.java:181)\r\n\tat org.openqa.selenium.chrome.ChromeDriver.<init>(ChromeDriver.java:168)\r\n\tat org.openqa.selenium.chrome.ChromeDriver.<init>(ChromeDriver.java:157)\r\n\tat com.dismas.autotests.AutotestsApplicationTest.firstTest(AutotestsApplicationTest.java:35)\r\n","duration":1548000000,"status":"failed"},"match":{"location":"com.dismas.autotests.AutotestsApplicationTest.firstTest()"}}],"line":3,"name":"call test1","match":{"location":"com.dismas.autotests.steps.TestStepOne.openGoogle()"},"keyword":"When "},{"result":{"status":"skipped"},"before":[{"result":{"status":"skipped"},"match":{"location":"com.dismas.autotests.AutotestsApplicationTest.firstTest()"}}],"line":4,"name":"call test2","match":{"location":"com.dismas.autotests.steps.TestStepOne.openYandex()"},"keyword":"Then "}]}],"name":"first test cucumber","description":"","id":"first-test-cucumber","keyword":"Feature","uri":"file:src/test/resources/features/testOne.feature","tags":[]},{"line":1,"elements":[{"start_timestamp":"2022-06-01T16:19:56.938Z","line":2,"name":"second test cucumber + selenide","description":"","id":"second-test-cucumber;second-test-cucumber-+-selenide","type":"scenario","keyword":"Scenario","steps":[{"result":{"status":"skipped"},"before":[{"result":{"error_message":"org.openqa.selenium.WebDriverException: unknown error: Failed to create Chrome process.\nBuild info: version: '3.141.59', revision: 'e82be7d358', time: '2018-11-14T08:17:03'\nSystem info: host: 'LAPTOP-3DE8NKMV', ip: '192.168.88.248', os.name: 'Windows 10', os.arch: 'amd64', os.version: '10.0', java.version: '1.8.0_311'\nDriver info: driver.version: ChromeDriver\nremote stacktrace: Backtrace:\n\tOrdinal0 [0x011EB8F3+2406643]\n\tOrdinal0 [0x0117AF31+1945393]\n\tOrdinal0 [0x0106C748+837448]\n\tOrdinal0 [0x01088702+952066]\n\tOrdinal0 [0x01085D71+941425]\n\tOrdinal0 [0x010B8EE0+1150688]\n\tOrdinal0 [0x010B8B3A+1149754]\n\tOrdinal0 [0x010B4096+1130646]\n\tOrdinal0 [0x0108E636+976438]\n\tOrdinal0 [0x0108F546+980294]\n\tGetHandleVerifier [0x01459612+2498066]\n\tGetHandleVerifier [0x0144C920+2445600]\n\tGetHandleVerifier [0x01284F2A+579370]\n\tGetHandleVerifier [0x01283D36+574774]\n\tOrdinal0 [0x01181C0B+1973259]\n\tOrdinal0 [0x01186688+1992328]\n\tOrdinal0 [0x01186775+1992565]\n\tOrdinal0 [0x0118F8D1+2029777]\n\tBaseThreadInitThunk [0x76086739+25]\n\tRtlGetFullPathName_UEx [0x77558FEF+1215]\n\tRtlGetFullPathName_UEx [0x77558FBD+1165]\n\r\n\tat sun.reflect.NativeConstructorAccessorImpl.newInstance0(Native Method)\r\n\tat sun.reflect.NativeConstructorAccessorImpl.newInstance(NativeConstructorAccessorImpl.java:62)\r\n\tat sun.reflect.DelegatingConstructorAccessorImpl.newInstance(DelegatingConstructorAccessorImpl.java:45)\r\n\tat java.lang.reflect.Constructor.newInstance(Constructor.java:423)\r\n\tat org.openqa.selenium.remote.W3CHandshakeResponse.lambda$errorHandler$0(W3CHandshakeResponse.java:62)\r\n\tat org.openqa.selenium.remote.HandshakeResponse.lambda$getResponseFunction$0(HandshakeResponse.java:30)\r\n\tat org.openqa.selenium.remote.ProtocolHandshake.lambda$createSession$0(ProtocolHandshake.java:126)\r\n\tat java.util.stream.ReferencePipeline$3$1.accept(ReferencePipeline.java:193)\r\n\tat java.util.Spliterators$ArraySpliterator.tryAdvance(Spliterators.java:958)\r\n\tat java.util.stream.ReferencePipeline.forEachWithCancel(ReferencePipeline.java:126)\r\n\tat java.util.stream.AbstractPipeline.copyIntoWithCancel(AbstractPipeline.java:499)\r\n\tat java.util.stream.AbstractPipeline.copyInto(AbstractPipeline.java:486)\r\n\tat java.util.stream.AbstractPipeline.wrapAndCopyInto(AbstractPipeline.java:472)\r\n\tat java.util.stream.FindOps$FindOp.evaluateSequential(FindOps.java:152)\r\n\tat java.util.stream.AbstractPipeline.evaluate(AbstractPipeline.java:234)\r\n\tat java.util.stream.ReferencePipeline.findFirst(ReferencePipeline.java:464)\r\n\tat org.openqa.selenium.remote.ProtocolHandshake.createSession(ProtocolHandshake.java:128)\r\n\tat org.openqa.selenium.remote.ProtocolHandshake.createSession(ProtocolHandshake.java:74)\r\n\tat org.openqa.selenium.remote.HttpCommandExecutor.execute(HttpCommandExecutor.java:136)\r\n\tat org.openqa.selenium.remote.service.DriverCommandExecutor.execute(DriverCommandExecutor.java:83)\r\n\tat org.openqa.selenium.remote.RemoteWebDriver.execute(RemoteWebDriver.java:552)\r\n\tat org.openqa.selenium.remote.RemoteWebDriver.startSession(RemoteWebDriver.java:213)\r\n\tat org.openqa.selenium.remote.RemoteWebDriver.<init>(RemoteWebDriver.java:131)\r\n\tat org.openqa.selenium.chrome.ChromeDriver.<init>(ChromeDriver.java:181)\r\n\tat org.openqa.selenium.chrome.ChromeDriver.<init>(ChromeDriver.java:168)\r\n\tat org.openqa.selenium.chrome.ChromeDriver.<init>(ChromeDriver.java:157)\r\n\tat com.dismas.autotests.AutotestsApplicationTest.firstTest(AutotestsApplicationTest.java:35)\r\n","duration":614000000,"status":"failed"},"match":{"location":"com.dismas.autotests.AutotestsApplicationTest.firstTest()"}}],"line":3,"name":"call test3","match":{"location":"com.dismas.autotests.steps.TestStepTwo.openYahoo()"},"keyword":"When "},{"result":{"status":"skipped"},"before":[{"result":{"status":"skipped"},"match":{"location":"com.dismas.autotests.AutotestsApplicationTest.firstTest()"}}],"line":4,"name":"call test4","match":{"location":"com.dismas.autotests.steps.TestStepTwo.openYaplakal()"},"keyword":"Then "},{"result":{"status":"skipped"},"before":[{"result":{"status":"skipped"},"match":{"location":"com.dismas.autotests.AutotestsApplicationTest.firstTest()"}}],"line":5,"name":"call test5","match":{"location":"com.dismas.autotests.steps.TestStepTwo.checkString()"},"keyword":"And "},{"result":{"status":"skipped"},"before":[{"result":{"status":"skipped"},"match":{"location":"com.dismas.autotests.AutotestsApplicationTest.firstTest()"}}],"line":6,"name":"call test6","match":{"location":"com.dismas.autotests.steps.TestStepTwo.thowfalse()"},"keyword":"And "}]}],"name":"second test cucumber","description":"","id":"second-test-cucumber","keyword":"Feature","uri":"file:src/test/resources/features/testTwo.feature","tags":[]}]